<?xml version="1.0" encoding="UTF-8"?>
<testng-results skipped="0" failed="0" ignored="0" total="1" passed="1">
  <reporter-output>
  </reporter-output>
  <suite name="Automation Suite" duration-ms="19476" started-at="2018-12-27T14:34:51Z" finished-at="2018-12-27T14:35:10Z">
    <groups>
    </groups>
    <test name="Smoke test" duration-ms="19476" started-at="2018-12-27T14:34:51Z" finished-at="2018-12-27T14:35:10Z">
      <class name="AndroidApp.Browser">
        <test-method status="PASS" signature="browse()[pri:0, instance:AndroidApp.Browser@3abbfa04]" name="browse" is-config="true" duration-ms="29033" started-at="2018-12-27T14:34:22Z" finished-at="2018-12-27T14:34:51Z">
          <reporter-output>
          </reporter-output>
        </test-method> <!-- browse -->
      </class> <!-- AndroidApp.Browser -->
      <class name="AndroidApp.App">
        <test-method status="PASS" signature="mani()[pri:0, instance:AndroidApp.App@57fffcd7]" name="mani" duration-ms="19434" started-at="2018-12-27T14:34:51Z" finished-at="2018-12-27T14:35:10Z">
          <reporter-output>
          </reporter-output>
        </test-method> <!-- mani -->
      </class> <!-- AndroidApp.App -->
    </test> <!-- Smoke test -->
  </suite> <!-- Automation Suite -->
</testng-results>
